# JRE version: Java(TM) SE Runtime Environment (23.0.1+11) (build 23.0.1+11-39)
# Java VM: Java HotSpot(TM) 64-Bit Server VM (23.0.1+11-39, mixed mode, sharing, tiered, compressed oops, compressed class ptrs, g1 gc, windows-amd64)
GC Precious Log:
 CardTable entry size: 512
 Card Set container configuration: InlinePtr #cards 5 size 8 Array Of Cards #cards 10 size 36 Howl #buckets 4 coarsen threshold 1843 Howl Bitmap #cards 512 size 80 coarsen threshold 460 Card regions per heap region 1 cards per card region 2048
 CPUs: 12 total, 12 available
 Memory: 15775M
 Large Page Support: Disabled
 NUMA Support: Disabled
 Compressed Oops: Enabled (32-bit)
 Heap Region Size: 1M
 Heap Min Capacity: 8M
 Heap Initial Capacity: 248M
 Heap Max Capacity: 1536M
 Pre-touch: Disabled
 Parallel Workers: 10
 Concurrent Workers: 3
 Concurrent Refinement Workers: 10
 Periodic GC: Disabled
Heap:
 garbage-first heap   total reserved 1572864K, committed 254976K, used 186580K [0x00000000a0000000, 0x0000000100000000)
  region size 1024K, 47 young (48128K), 11 survivors (11264K)
 Metaspace       used 105559K, committed 107968K, reserved 1179648K
  class space    used 15086K, committed 16192K, reserved 1048576K
GC Heap History (20 events):
Event: 92.523 GC heap before
{Heap before GC invocations=62 (full 0):
 garbage-first heap   total reserved 1572864K, committed 239616K, used 142852K [0x00000000a0000000, 0x0000000100000000)
  region size 1024K, 55 young (56320K), 4 survivors (4096K)
 Metaspace       used 67236K, committed 69056K, reserved 1114112K
  class space    used 9549K, committed 10432K, reserved 1048576K
}
Event: 92.527 GC heap after
{Heap after GC invocations=63 (full 0):
 garbage-first heap   total reserved 1572864K, committed 239616K, used 90410K [0x00000000a0000000, 0x0000000100000000)
  region size 1024K, 4 young (4096K), 4 survivors (4096K)
 Metaspace       used 67236K, committed 69056K, reserved 1114112K
  class space    used 9549K, committed 10432K, reserved 1048576K
}
Event: 94.899 GC heap before
{Heap before GC invocations=64 (full 0):
 garbage-first heap   total reserved 1572864K, committed 239616K, used 227626K [0x00000000a0000000, 0x0000000100000000)
  region size 1024K, 127 young (130048K), 4 survivors (4096K)
 Metaspace       used 77181K, committed 79232K, reserved 1179648K
  class space    used 10907K, committed 11840K, reserved 1048576K
}
Event: 94.909 GC heap after
{Heap after GC invocations=65 (full 0):
 garbage-first heap   total reserved 1572864K, committed 246784K, used 110936K [0x00000000a0000000, 0x0000000100000000)
  region size 1024K, 16 young (16384K), 16 survivors (16384K)
 Metaspace       used 77181K, committed 79232K, reserved 1179648K
  class space    used 10907K, committed 11840K, reserved 1048576K
}
Event: 96.662 GC heap before
{Heap before GC invocations=65 (full 0):
 garbage-first heap   total reserved 1572864K, committed 246784K, used 215384K [0x00000000a0000000, 0x0000000100000000)
  region size 1024K, 119 young (121856K), 16 survivors (16384K)
 Metaspace       used 81848K, committed 83968K, reserved 1179648K
  class space    used 11518K, committed 12480K, reserved 1048576K
}
Event: 96.675 GC heap after
{Heap after GC invocations=66 (full 0):
 garbage-first heap   total reserved 1572864K, committed 246784K, used 118054K [0x00000000a0000000, 0x0000000100000000)
  region size 1024K, 9 young (9216K), 9 survivors (9216K)
 Metaspace       used 81848K, committed 83968K, reserved 1179648K
  class space    used 11518K, committed 12480K, reserved 1048576K
}
Event: 97.234 GC heap before
{Heap before GC invocations=66 (full 0):
 garbage-first heap   total reserved 1572864K, committed 246784K, used 152870K [0x00000000a0000000, 0x0000000100000000)
  region size 1024K, 44 young (45056K), 9 survivors (9216K)
 Metaspace       used 84545K, committed 86720K, reserved 1179648K
  class space    used 11904K, committed 12928K, reserved 1048576K
}
Event: 97.242 GC heap after
{Heap after GC invocations=67 (full 0):
 garbage-first heap   total reserved 1572864K, committed 246784K, used 120821K [0x00000000a0000000, 0x0000000100000000)
  region size 1024K, 3 young (3072K), 3 survivors (3072K)
 Metaspace       used 84545K, committed 86720K, reserved 1179648K
  class space    used 11904K, committed 12928K, reserved 1048576K
}
Event: 100.137 GC heap before
{Heap before GC invocations=68 (full 0):
 garbage-first heap   total reserved 1572864K, committed 246784K, used 228341K [0x00000000a0000000, 0x0000000100000000)
  region size 1024K, 108 young (110592K), 3 survivors (3072K)
 Metaspace       used 90899K, committed 93184K, reserved 1179648K
  class space    used 12958K, committed 14016K, reserved 1048576K
}
Event: 100.146 GC heap after
{Heap after GC invocations=69 (full 0):
 garbage-first heap   total reserved 1572864K, committed 246784K, used 126665K [0x00000000a0000000, 0x0000000100000000)
  region size 1024K, 9 young (9216K), 9 survivors (9216K)
 Metaspace       used 90899K, committed 93184K, reserved 1179648K
  class space    used 12958K, committed 14016K, reserved 1048576K
}
Event: 101.122 GC heap before
{Heap before GC invocations=69 (full 0):
 garbage-first heap   total reserved 1572864K, committed 246784K, used 224969K [0x00000000a0000000, 0x0000000100000000)
  region size 1024K, 103 young (105472K), 9 survivors (9216K)
 Metaspace       used 91973K, committed 94272K, reserved 1179648K
  class space    used 13124K, committed 14208K, reserved 1048576K
}
Event: 101.136 GC heap after
{Heap after GC invocations=70 (full 0):
 garbage-first heap   total reserved 1572864K, committed 246784K, used 131971K [0x00000000a0000000, 0x0000000100000000)
  region size 1024K, 7 young (7168K), 7 survivors (7168K)
 Metaspace       used 91973K, committed 94272K, reserved 1179648K
  class space    used 13124K, committed 14208K, reserved 1048576K
}
Event: 102.691 GC heap before
{Heap before GC invocations=70 (full 0):
 garbage-first heap   total reserved 1572864K, committed 246784K, used 189315K [0x00000000a0000000, 0x0000000100000000)
  region size 1024K, 64 young (65536K), 7 survivors (7168K)
 Metaspace       used 94553K, committed 96896K, reserved 1179648K
  class space    used 13557K, committed 14656K, reserved 1048576K
}
Event: 102.701 GC heap after
{Heap after GC invocations=71 (full 0):
 garbage-first heap   total reserved 1572864K, committed 246784K, used 136665K [0x00000000a0000000, 0x0000000100000000)
  region size 1024K, 12 young (12288K), 12 survivors (12288K)
 Metaspace       used 94553K, committed 96896K, reserved 1179648K
  class space    used 13557K, committed 14656K, reserved 1048576K
}
Event: 104.190 GC heap before
{Heap before GC invocations=72 (full 0):
 garbage-first heap   total reserved 1572864K, committed 246784K, used 220633K [0x00000000a0000000, 0x0000000100000000)
  region size 1024K, 93 young (95232K), 12 survivors (12288K)
 Metaspace       used 98375K, committed 100736K, reserved 1179648K
  class space    used 14141K, committed 15232K, reserved 1048576K
}
Event: 104.200 GC heap after
{Heap after GC invocations=73 (full 0):
 garbage-first heap   total reserved 1572864K, committed 246784K, used 143341K [0x00000000a0000000, 0x0000000100000000)
  region size 1024K, 11 young (11264K), 11 survivors (11264K)
 Metaspace       used 98375K, committed 100736K, reserved 1179648K
  class space    used 14141K, committed 15232K, reserved 1048576K
}
Event: 106.468 GC heap before
{Heap before GC invocations=73 (full 0):
 garbage-first heap   total reserved 1572864K, committed 246784K, used 221165K [0x00000000a0000000, 0x0000000100000000)
  region size 1024K, 87 young (89088K), 11 survivors (11264K)
 Metaspace       used 102926K, committed 105280K, reserved 1179648K
  class space    used 14774K, committed 15872K, reserved 1048576K
}
Event: 106.484 GC heap after
{Heap after GC invocations=74 (full 0):
 garbage-first heap   total reserved 1572864K, committed 246784K, used 149005K [0x00000000a0000000, 0x0000000100000000)
  region size 1024K, 7 young (7168K), 7 survivors (7168K)
 Metaspace       used 102926K, committed 105280K, reserved 1179648K
  class space    used 14774K, committed 15872K, reserved 1048576K
}
Event: 112.219 GC heap before
{Heap before GC invocations=74 (full 0):
 garbage-first heap   total reserved 1572864K, committed 246784K, used 225805K [0x00000000a0000000, 0x0000000100000000)
  region size 1024K, 82 young (83968K), 7 survivors (7168K)
 Metaspace       used 104314K, committed 106688K, reserved 1179648K
  class space    used 14972K, committed 16064K, reserved 1048576K
}
Event: 112.229 GC heap after
{Heap after GC invocations=75 (full 0):
 garbage-first heap   total reserved 1572864K, committed 246784K, used 154836K [0x00000000a0000000, 0x0000000100000000)
  region size 1024K, 11 young (11264K), 11 survivors (11264K)
 Metaspace       used 104314K, committed 106688K, reserved 1179648K
  class space    used 14972K, committed 16064K, reserved 1048576K
}

